<?xml version="1.0" encoding="UTF-8"?>
<!-- Generated by org.testng.reporters.JUnitReportReporter -->
<testsuite skipped="0" hostname="PC" name="com.pkg.Hello" tests="1" failures="0" timestamp="16 Feb 2019 13:06:42 GMT" time="4.719" errors="0">
  <testcase name="printMsg" time="4.719" classname="com.pkg.Hello"/>
</testsuite> <!-- com.pkg.Hello -->
